2018/11/29 05:15:25 [notice] 24181#0: signal process started
2018/11/29 05:15:25 [error] 24181#0: open() "/home/wgw/nginx-1.11.3/logs/nginx.pid" failed (2: No such file or directory)
2018/11/29 05:15:50 [notice] 24208#0: signal process started
2018/11/29 05:34:20 [notice] 25440#0: signal process started
2018/11/29 05:34:28 [notice] 25457#0: signal process started
2018/11/29 05:35:36 [notice] 25544#0: signal process started
2018/11/29 05:36:12 [notice] 25588#0: signal process started
2018/11/29 05:36:41 [notice] 25632#0: signal process started
2018/11/29 05:36:58 [notice] 25660#0: signal process started
2018/11/29 05:37:53 [notice] 25722#0: signal process started
2018/11/29 05:37:53 [error] 25722#0: open() "/home/wgw/nginx-1.11.3/logs/nginx.pid" failed (2: No such file or directory)
2018/11/29 05:38:01 [notice] 25740#0: signal process started
2018/11/29 05:39:04 [notice] 25830#0: signal process started
2018/11/29 05:39:04 [error] 25830#0: open() "/home/wgw/nginx-1.11.3/logs/nginx.pid" failed (2: No such file or directory)
2018/11/29 05:47:57 [notice] 26795#0: using inherited sockets from "22:16000:16500:16600"
2018/11/29 05:47:57 [emerg] 26795#0: invalid socket number "16600" in NGINX environment variable, ignoring
2018/11/29 05:47:57 [crit] 26795#0: getsockname() of the inherited socket #22 failed (9: Bad file descriptor)
2018/11/29 05:47:57 [crit] 26795#0: getsockname() of the inherited socket #16000 failed (9: Bad file descriptor)
2018/11/29 05:47:57 [crit] 26795#0: getsockname() of the inherited socket #16500 failed (9: Bad file descriptor)
2018/11/29 05:47:57 [emerg] 26795#0: close() socket listening socket on  failed (9: Bad file descriptor)
2018/11/29 05:47:57 [emerg] 26795#0: close() socket listening socket on  failed (9: Bad file descriptor)
2018/11/29 05:47:57 [emerg] 26795#0: close() socket listening socket on  failed (9: Bad file descriptor)
2018/11/29 05:49:33 [notice] 26954#0: using inherited sockets from "22"
2018/11/29 05:49:33 [emerg] 26954#0: invalid socket number "22" in NGINX environment variable, ignoring
2018/11/29 05:50:41 [notice] 27053#0: using inherited sockets from "55034"
2018/11/29 05:50:41 [emerg] 27053#0: invalid socket number "55034" in NGINX environment variable, ignoring
2018/11/29 05:52:13 [notice] 27145#0: using inherited sockets from "55034"
2018/11/29 05:52:13 [emerg] 27145#0: invalid socket number "55034" in NGINX environment variable, ignoring
2018/11/29 05:53:48 [notice] 27246#0: using inherited sockets from "55034"
2018/11/29 05:53:48 [emerg] 27246#0: invalid socket number "55034" in NGINX environment variable, ignoring
2018/11/29 05:54:58 [notice] 27317#0: using inherited sockets from "55034;"
2018/11/29 05:56:05 [notice] 27426#0: using inherited sockets from "55034;"
2018/11/29 05:56:05 [crit] 27426#0: getsockname() of the inherited socket #55034 failed (9: Bad file descriptor)
2018/11/29 05:56:05 [emerg] 27426#0: close() socket listening socket on  failed (9: Bad file descriptor)
2018/11/29 05:56:22 [notice] 27457#0: using inherited sockets from "22;"
2018/11/29 05:56:22 [crit] 27457#0: getsockname() of the inherited socket #22 failed (9: Bad file descriptor)
2018/11/29 05:56:22 [emerg] 27457#0: close() socket listening socket on  failed (9: Bad file descriptor)
2018/11/29 05:56:50 [notice] 27507#0: using inherited sockets from "22;"
2018/11/29 05:56:50 [crit] 27507#0: getsockname() of the inherited socket #22 failed (9: Bad file descriptor)
2018/11/29 05:56:50 [emerg] 27507#0: close() socket listening socket on  failed (9: Bad file descriptor)
2018/11/29 06:14:18 [notice] 28905#0: signal process started
2018/11/29 09:21:46 [notice] 29520#0: signal process started
2018/11/29 09:21:52 [notice] 29535#0: signal process started
2018/11/29 09:25:16 [notice] 29768#0: signal process started
2018/11/29 09:34:01 [notice] 30340#0: signal process started
2018/11/29 09:38:29 [notice] 30719#0: signal process started
2018/11/29 09:41:55 [notice] 30941#0: signal process started
2018/11/29 09:41:55 [alert] 30941#0: kill(30747, 15) failed (3: No such process)
2018/11/29 09:41:59 [notice] 30946#0: signal process started
2018/11/29 09:41:59 [alert] 30946#0: kill(30747, 15) failed (3: No such process)
2018/11/29 09:55:51 [emerg] 31829#0: the shared memory zone "mycache" is already declared for a different use in /home/wgw/nginx-1.11.3/conf/nginx.conf:40
2018/11/29 09:56:25 [emerg] 31860#0: the shared memory zone "mycache" is already declared for a different use in /home/wgw/nginx-1.11.3/conf/nginx.conf:40
2018/11/29 09:57:22 [emerg] 31919#0: the same path name "/home/wgw/nginx-1.11.3/proxy_temp" used in /home/wgw/nginx-1.11.3/conf/nginx.conf:39 and in /home/wgw/nginx-1.11.3/conf/nginx.conf:135
2018/11/29 09:58:00 [emerg] 31961#0: the same path name "/home/wgw/nginx-1.11.3/proxy_temp" used in /home/wgw/nginx-1.11.3/conf/nginx.conf:39 and in /home/wgw/nginx-1.11.3/conf/nginx.conf:135
2018/11/29 09:58:58 [emerg] 32059#0: the same path name "/home/wgw/nginx-1.11.3/proxy_temp" used in /home/wgw/nginx-1.11.3/conf/nginx.conf:39 and in /home/wgw/nginx-1.11.3/conf/nginx.conf:135
2018/11/29 09:59:45 [emerg] 32108#0: the same path name "/home/wgw/nginx-1.11.3/fastcgi_temp" used in /home/wgw/nginx-1.11.3/conf/nginx.conf:40 and in /home/wgw/nginx-1.11.3/conf/nginx.conf:135
2018/11/29 10:00:01 [notice] 32124#0: signal process started
2018/11/29 10:00:01 [alert] 32124#0: kill(30747, 15) failed (3: No such process)
2018/11/30 01:21:27 [notice] 5716#0: signal process started
2018/11/30 01:23:33 [notice] 5768#0: signal process started
2018/11/30 01:23:33 [notice] 5769#0: using inherited sockets from "6;7;"
2018/11/30 01:24:01 [notice] 5785#0: signal process started
2018/11/30 01:24:08 [notice] 5789#0: signal process started
2018/11/30 01:24:22 [notice] 5795#0: signal process started
2018/11/30 01:24:26 [notice] 5807#0: signal process started
2018/11/30 01:24:44 [notice] 5826#0: signal process started
2018/11/30 01:24:44 [notice] 5827#0: using inherited sockets from "6;7;"
2018/11/30 01:36:15 [notice] 6046#0: signal process started
2018/11/30 01:36:15 [notice] 6047#0: using inherited sockets from "6;7;"
2018/11/30 02:13:30 [notice] 6614#0: signal process started
2018/11/30 02:13:30 [notice] 6615#0: using inherited sockets from "6;7;"
2018/11/30 02:15:04 [notice] 6660#0: using inherited sockets from "6;7;"
2018/11/30 02:16:05 [notice] 6702#0: using inherited sockets from "6;7;"
2018/11/30 02:18:29 [notice] 6794#0: using inherited sockets from "6;7;"
2018/11/30 02:19:15 [notice] 6830#0: using inherited sockets from "6;7;"
2018/11/30 02:21:03 [notice] 6888#0: using inherited sockets from "6;7;"
2018/11/30 02:21:29 [notice] 6919#0: using inherited sockets from "6;7;"
2018/11/30 02:22:01 [notice] 6942#0: using inherited sockets from "6;7;"
2018/11/30 02:22:29 [notice] 6972#0: using inherited sockets from "6;7;"
